2025-07-09 14:41:19,129 - inference.py - INFO - Logging is set to info
2025-07-09 14:41:19,162 - inference.py - INFO - Using device: cpu
2025-07-09 14:41:19,163 - inference.py - INFO - Processing 1 context-query pairs
2025-07-09 14:41:19,164 - inference.py - INFO - Loading pair 1/1: sample_context.txt, sample_query.txt
2025-07-09 14:41:19,165 - inference.py - ERROR - File not found: [Errno 2] No such file or directory: 'sample_context.txt'
2025-07-09 14:42:43,724 - inference.py - INFO - Logging is set to info
2025-07-09 14:42:43,777 - inference.py - INFO - Using device: cpu
2025-07-09 14:42:43,778 - inference.py - INFO - Processing 3 context-query pairs
2025-07-09 14:42:43,788 - inference.py - INFO - Loading pair 1/3: ./sample/sample_context.txt, ./sample/sample_query.txt
2025-07-09 14:42:43,816 - inference.py - INFO - Context 1: The quick brown fox jumps over the lazy dog. This is a sample context for testing the transformer mo...
2025-07-09 14:42:43,816 - inference.py - INFO - Query 1: What color is the fox?
2025-07-09 14:42:43,817 - inference.py - INFO - Loading pair 2/3: ./sample/sample_context2.txt, ./sample/sample_query2.txt
2025-07-09 14:42:43,852 - inference.py - INFO - Context 2: The sun rises in the east and sets in the west. Many animals are active during the day while others ...
2025-07-09 14:42:43,853 - inference.py - INFO - Query 2: When does the sun rise?
2025-07-09 14:42:43,854 - inference.py - INFO - Loading pair 3/3: ./sample/sample_context3.txt, ./sample/sample_query3.txt
2025-07-09 14:42:43,887 - inference.py - INFO - Context 3: Python is a high-level programming language. It is widely used for web development, data science, an...
2025-07-09 14:42:43,888 - inference.py - INFO - Query 3: What is Python used for?
2025-07-09 14:42:43,888 - models/tokenizer.py - INFO - Simple tokenizer initialized with 100 characters
2025-07-09 14:42:44,144 - inference.py - INFO - Batch input shape: torch.Size([3, 152])
2025-07-09 14:42:44,145 - inference.py - INFO - Max input length: 152
2025-07-09 14:42:44,146 - inference.py - INFO - Loading model from test_model.pth
2025-07-09 14:42:44,655 - inference.py - INFO - Starting inference with mode: greedy
2025-07-09 14:42:45,719 - inference.py - INFO - Inference completed. Output shape: torch.Size([3, 50])
2025-07-09 14:42:45,721 - inference.py - INFO - Inference completed successfully
2025-07-09 14:47:49,239 - inference.py - INFO - Logging is set to info
2025-07-09 14:47:49,261 - inference.py - INFO - Using device: cpu
2025-07-09 14:47:49,262 - inference.py - INFO - Processing 3 context-query pairs
2025-07-09 14:47:49,265 - inference.py - INFO - Loading pair 1/3: ./sample/sample_context.txt, ./sample/sample_query.txt
2025-07-09 14:47:49,286 - inference.py - INFO - Context 1: The quick brown fox jumps over the lazy dog. This is a sample context for testing the transformer mo...
2025-07-09 14:47:49,287 - inference.py - INFO - Query 1: What color is the fox?
2025-07-09 14:47:49,288 - inference.py - INFO - Loading pair 2/3: ./sample/sample_context2.txt, ./sample/sample_query2.txt
2025-07-09 14:47:49,318 - inference.py - INFO - Context 2: The sun rises in the east and sets in the west. Many animals are active during the day while others ...
2025-07-09 14:47:49,318 - inference.py - INFO - Query 2: When does the sun rise?
2025-07-09 14:47:49,319 - inference.py - INFO - Loading pair 3/3: ./sample/sample_context3.txt, ./sample/sample_query3.txt
2025-07-09 14:47:49,350 - inference.py - INFO - Context 3: Python is a high-level programming language. It is widely used for web development, data science, an...
2025-07-09 14:47:49,351 - inference.py - INFO - Query 3: What is Python used for?
2025-07-09 14:47:49,351 - models/tokenizer.py - INFO - Simple tokenizer initialized with 100 characters
2025-07-09 14:47:49,608 - inference.py - INFO - Batch input shape: torch.Size([3, 152])
2025-07-09 14:47:49,608 - inference.py - INFO - Max input length: 152
2025-07-09 14:47:49,610 - inference.py - INFO - Loading model from test_model.pth
2025-07-09 14:47:50,273 - inference.py - INFO - Starting inference with mode: greedy
2025-07-09 14:50:11,347 - inference.py - INFO - Logging is set to info
2025-07-09 14:50:11,412 - inference.py - INFO - Using device: cpu
2025-07-09 14:50:11,413 - inference.py - INFO - Processing 3 context-query pairs
2025-07-09 14:50:11,413 - inference.py - INFO - Loading pair 1/3: ./sample/sample_context.txt, ./sample/sample_query.txt
2025-07-09 14:50:11,464 - inference.py - INFO - Context 1: The quick brown fox jumps over the lazy dog. This is a sample context for testing the transformer mo...
2025-07-09 14:50:11,464 - inference.py - INFO - Query 1: What color is the fox?
2025-07-09 14:50:11,465 - inference.py - INFO - Loading pair 2/3: ./sample/sample_context2.txt, ./sample/sample_query2.txt
2025-07-09 14:50:11,502 - inference.py - INFO - Context 2: The sun rises in the east and sets in the west. Many animals are active during the day while others ...
2025-07-09 14:50:11,504 - inference.py - INFO - Query 2: When does the sun rise?
2025-07-09 14:50:11,505 - inference.py - INFO - Loading pair 3/3: ./sample/sample_context3.txt, ./sample/sample_query3.txt
2025-07-09 14:50:11,543 - inference.py - INFO - Context 3: Python is a high-level programming language. It is widely used for web development, data science, an...
2025-07-09 14:50:11,543 - inference.py - INFO - Query 3: What is Python used for?
2025-07-09 14:50:11,544 - models/tokenizer.py - INFO - Simple tokenizer initialized with 100 characters
2025-07-09 14:50:11,942 - inference.py - INFO - Batch input shape: torch.Size([3, 152])
2025-07-09 14:50:11,943 - inference.py - INFO - Max input length: 152
2025-07-09 14:50:11,943 - inference.py - INFO - Loading model from test_model.pth
2025-07-09 14:50:12,774 - inference.py - INFO - Starting inference with mode: greedy
2025-07-09 14:50:13,712 - inference.py - INFO - Inference completed. Output shape: torch.Size([3, 50])
2025-07-09 14:50:13,713 - inference.py - INFO - Inference completed successfully
2025-07-09 14:52:46,269 - inference.py - INFO - Logging is set to info
2025-07-09 14:52:46,294 - inference.py - INFO - Using device: cpu
2025-07-09 14:52:46,295 - inference.py - INFO - Processing 3 context-query pairs
2025-07-09 14:52:46,295 - inference.py - INFO - Loading pair 1/3: ./sample/sample_context.txt, ./sample/sample_query.txt
2025-07-09 14:52:46,323 - inference.py - INFO - Context 1: The quick brown fox jumps over the lazy dog. This is a sample context for testing the transformer mo...
2025-07-09 14:52:46,325 - inference.py - INFO - Query 1: What color is the fox?
2025-07-09 14:52:46,327 - inference.py - INFO - Loading pair 2/3: ./sample/sample_context2.txt, ./sample/sample_query2.txt
2025-07-09 14:52:46,359 - inference.py - INFO - Context 2: The sun rises in the east and sets in the west. Many animals are active during the day while others ...
2025-07-09 14:52:46,361 - inference.py - INFO - Query 2: When does the sun rise?
2025-07-09 14:52:46,362 - inference.py - INFO - Loading pair 3/3: ./sample/sample_context3.txt, ./sample/sample_query3.txt
2025-07-09 14:52:46,394 - inference.py - INFO - Context 3: Python is a high-level programming language. It is widely used for web development, data science, an...
2025-07-09 14:52:46,397 - inference.py - INFO - Query 3: What is Python used for?
2025-07-09 14:52:46,398 - models/tokenizer.py - INFO - Simple tokenizer initialized with 100 characters
2025-07-09 14:52:46,663 - inference.py - INFO - Batch input shape: torch.Size([3, 152])
2025-07-09 14:52:46,664 - inference.py - INFO - Max input length: 152
2025-07-09 14:52:46,664 - inference.py - INFO - Loading model from test_model.pth
2025-07-09 14:52:47,215 - inference.py - INFO - Starting inference with mode: greedy
2025-07-09 14:52:48,042 - inference.py - INFO - Inference completed. Output shape: torch.Size([3, 50])
2025-07-09 14:52:48,044 - inference.py - INFO - Inference completed successfully
2025-07-09 14:54:45,182 - inference.py - INFO - Logging is set to info
2025-07-09 14:54:45,214 - inference.py - INFO - Using device: cpu
2025-07-09 14:54:45,215 - inference.py - INFO - Processing 3 context-query pairs
2025-07-09 14:54:45,215 - inference.py - INFO - Loading pair 1/3: ./sample/sample_context.txt, ./sample/sample_query.txt
2025-07-09 14:54:45,232 - inference.py - INFO - Context 1: The quick brown fox jumps over the lazy dog. This is a sample context for testing the transformer mo...
2025-07-09 14:54:45,232 - inference.py - INFO - Query 1: What color is the fox?
2025-07-09 14:54:45,233 - inference.py - INFO - Loading pair 2/3: ./sample/sample_context2.txt, ./sample/sample_query2.txt
2025-07-09 14:54:45,256 - inference.py - INFO - Context 2: The sun rises in the east and sets in the west. Many animals are active during the day while others ...
2025-07-09 14:54:45,257 - inference.py - INFO - Query 2: When does the sun rise?
2025-07-09 14:54:45,257 - inference.py - INFO - Loading pair 3/3: ./sample/sample_context3.txt, ./sample/sample_query3.txt
2025-07-09 14:54:45,281 - inference.py - INFO - Context 3: Python is a high-level programming language. It is widely used for web development, data science, an...
2025-07-09 14:54:45,282 - inference.py - INFO - Query 3: What is Python used for?
2025-07-09 14:54:45,283 - models/tokenizer.py - INFO - Simple tokenizer initialized with 100 characters
2025-07-09 14:54:45,771 - inference.py - INFO - Batch input shape: torch.Size([3, 152])
2025-07-09 14:54:45,772 - inference.py - INFO - Max input length: 152
2025-07-09 14:54:45,773 - inference.py - INFO - Loading model from test_model.pth
2025-07-09 14:54:48,263 - inference.py - INFO - Starting inference with mode: greedy
2025-07-09 14:54:50,292 - inference.py - INFO - Inference completed. Output shape: torch.Size([3, 50])
2025-07-09 14:54:50,293 - inference.py - INFO - Inference completed successfully
2025-07-09 14:56:34,479 - inference.py - INFO - Logging is set to info
2025-07-09 14:56:34,496 - inference.py - INFO - Using device: cpu
2025-07-09 14:56:34,497 - inference.py - INFO - Processing 3 context-query pairs
2025-07-09 14:56:34,497 - inference.py - INFO - Loading pair 1/3: ./sample/sample_context.txt, ./sample/sample_query.txt
2025-07-09 14:56:34,522 - inference.py - INFO - Context 1: The quick brown fox jumps over the lazy dog. This is a sample context for testing the transformer mo...
2025-07-09 14:56:34,523 - inference.py - INFO - Query 1: What color is the fox?
2025-07-09 14:56:34,524 - inference.py - INFO - Loading pair 2/3: ./sample/sample_context2.txt, ./sample/sample_query2.txt
2025-07-09 14:56:34,547 - inference.py - INFO - Context 2: The sun rises in the east and sets in the west. Many animals are active during the day while others ...
2025-07-09 14:56:34,547 - inference.py - INFO - Query 2: When does the sun rise?
2025-07-09 14:56:34,548 - inference.py - INFO - Loading pair 3/3: ./sample/sample_context3.txt, ./sample/sample_query3.txt
2025-07-09 14:56:34,579 - inference.py - INFO - Context 3: Python is a high-level programming language. It is widely used for web development, data science, an...
2025-07-09 14:56:34,580 - inference.py - INFO - Query 3: What is Python used for?
2025-07-09 14:56:34,580 - models/tokenizer.py - INFO - Simple tokenizer initialized with 100 characters
2025-07-09 14:56:34,924 - inference.py - INFO - Batch input shape: torch.Size([3, 152])
2025-07-09 14:56:34,925 - inference.py - INFO - Max input length: 152
2025-07-09 14:56:34,925 - inference.py - INFO - Loading model from test_model.pth
2025-07-09 14:56:35,585 - inference.py - INFO - Starting inference with mode: greedy
2025-07-09 14:56:36,246 - inference.py - INFO - Inference completed. Output shape: torch.Size([3, 50])
2025-07-09 14:56:36,249 - inference.py - INFO - Inference completed successfully
2025-07-09 15:02:26,079 - inference.py - INFO - Logging is set to info
2025-07-09 15:02:26,097 - inference.py - INFO - Using device: cpu
2025-07-09 15:02:26,098 - inference.py - INFO - Processing 3 context-query pairs
2025-07-09 15:02:26,098 - inference.py - INFO - Loading pair 1/3: ./sample/sample_context.txt, ./sample/sample_query.txt
2025-07-09 15:02:26,121 - inference.py - INFO - Context 1: The quick brown fox jumps over the lazy dog. This is a sample context for testing the transformer mo...
2025-07-09 15:02:26,122 - inference.py - INFO - Query 1: What color is the fox?
2025-07-09 15:02:26,123 - inference.py - INFO - Loading pair 2/3: ./sample/sample_context2.txt, ./sample/sample_query2.txt
2025-07-09 15:02:26,146 - inference.py - INFO - Context 2: The sun rises in the east and sets in the west. Many animals are active during the day while others ...
2025-07-09 15:02:26,147 - inference.py - INFO - Query 2: When does the sun rise?
2025-07-09 15:02:26,148 - inference.py - INFO - Loading pair 3/3: ./sample/sample_context3.txt, ./sample/sample_query3.txt
2025-07-09 15:02:26,178 - inference.py - INFO - Context 3: Python is a high-level programming language. It is widely used for web development, data science, an...
2025-07-09 15:02:26,179 - inference.py - INFO - Query 3: What is Python used for?
2025-07-09 15:02:26,179 - models/tokenizer.py - INFO - Simple tokenizer initialized with 100 characters
2025-07-09 15:02:26,660 - inference.py - INFO - Batch input shape: torch.Size([3, 152])
2025-07-09 15:02:26,661 - inference.py - INFO - Max input length: 152
2025-07-09 15:02:26,661 - inference.py - INFO - Loading model from test_model.pth
2025-07-09 15:02:27,246 - inference.py - INFO - Starting inference with mode: greedy
2025-07-09 15:02:27,816 - inference.py - INFO - Inference completed. Output shape: torch.Size([3, 50])
2025-07-09 15:02:27,817 - inference.py - INFO - Inference completed successfully
